
vhdlfe V6.3 IR 35:  VHDL parser
Mon Jan 25 21:06:00 2021

Setting library 'work' to directory 'lc22v10'

vhdlfe:  No errors.


vhdlfe V6.3 IR 35:  VHDL parser
Mon Jan 25 21:06:21 2021

Setting library 'work' to directory 'lc22v10'

vhdlfe:  No errors.


vhdlfe V6.3 IR 35:  VHDL parser
Mon Jan 25 21:41:36 2021

Setting library 'work' to directory 'lc22v10'

vhdlfe:  No errors.


vhdlfe V6.3 IR 35:  VHDL parser
Mon Jan 25 21:44:53 2021

Setting library 'work' to directory 'lc22v10'

vhdlfe:  No errors.


vhdlfe V6.3 IR 35:  VHDL parser
Mon Jan 25 21:55:22 2021

Setting library 'work' to directory 'lc22v10'

vhdlfe:  No errors.


vhdlfe V6.3 IR 35:  VHDL parser
Wed Jan 27 09:05:33 2021

Setting library 'work' to directory 'lc22v10'

vhdlfe:  No errors.

