 20:46, miércoles, 27 de enero de 2021
 Simulation has been initialized
 Selected Top-Level: marq2 (arq_mar2)
WARNING: CONV_INTEGER: There is an 'U'|'X'|'W'|'Z'|'-' in an arithmetic operand, and it has been converted to 0.
Time: 0  ps,  Iteration: 0,  Instance: \.
WARNING: CONV_INTEGER: There is an 'U'|'X'|'W'|'Z'|'-' in an arithmetic operand, and it has been converted to 0.
Time: 0  ps,  Iteration: 0,  Instance: \.
WARNING: CONV_INTEGER: There is an 'U'|'X'|'W'|'Z'|'-' in an arithmetic operand, and it has been converted to 0.
Time: 0  ps,  Iteration: 0,  Instance: \.
WARNING: CONV_INTEGER: There is an 'U'|'X'|'W'|'Z'|'-' in an arithmetic operand, and it has been converted to 0.
Time: 0  ps,  Iteration: 0,  Instance: \.
WARNING: CONV_INTEGER: There is an 'U'|'X'|'W'|'Z'|'-' in an arithmetic operand, and it has been converted to 0.
Time: 0  ps,  Iteration: 0,  Instance: \.
WARNING: CONV_INTEGER: There is an 'U'|'X'|'W'|'Z'|'-' in an arithmetic operand, and it has been converted to 0.
Time: 0  ps,  Iteration: 0,  Instance: \.
WARNING: CONV_INTEGER: There is an 'U'|'X'|'W'|'Z'|'-' in an arithmetic operand, and it has been converted to 0.
Time: 0  ps,  Iteration: 0,  Instance: \.
WARNING: CONV_INTEGER: There is an 'U'|'X'|'W'|'Z'|'-' in an arithmetic operand, and it has been converted to 0.
Time: 0  ps,  Iteration: 0,  Instance: \.
WARNING: CONV_INTEGER: There is an 'U'|'X'|'W'|'Z'|'-' in an arithmetic operand, and it has been converted to 0.
Time: 0  ps,  Iteration: 0,  Instance: \.
WARNING: CONV_INTEGER: There is an 'U'|'X'|'W'|'Z'|'-' in an arithmetic operand, and it has been converted to 0.
Time: 0  ps,  Iteration: 0,  Instance: \.
WARNING: CONV_INTEGER: There is an 'U'|'X'|'W'|'Z'|'-' in an arithmetic operand, and it has been converted to 0.
Time: 0  ps,  Iteration: 0,  Instance: \.
WARNING: CONV_INTEGER: There is an 'U'|'X'|'W'|'Z'|'-' in an arithmetic operand, and it has been converted to 0.
Time: 0  ps,  Iteration: 0,  Instance: \.
WARNING: There is an 'U'|'X'|'W'|'Z'|'-' in an arithmetic operand, the result will be 'X'(es).
Time: 0  ps,  Iteration: 0,  Instance: \.
WARNING: There is an 'U'|'X'|'W'|'Z'|'-' in an arithmetic operand, the result will be 'X'(es).
Time: 0  ps,  Iteration: 0,  Instance: \.
WARNING: There is an 'U'|'X'|'W'|'Z'|'-' in an arithmetic operand, the result will be 'X'(es).
Time: 0  ps,  Iteration: 0,  Instance: \.
WARNING: There is an 'U'|'X'|'W'|'Z'|'-' in an arithmetic operand, the result will be 'X'(es).
Time: 0  ps,  Iteration: 1,  Instance: \.
WARNING: There is an 'U'|'X'|'W'|'Z'|'-' in an arithmetic operand, the result will be 'X'(es).
Time: 0  ps,  Iteration: 1,  Instance: \.
WARNING: There is an 'U'|'X'|'W'|'Z'|'-' in an arithmetic operand, the result will be 'X'(es).
Time: 0  ps,  Iteration: 1,  Instance: \.
 Simulation has been stopped
 20:49, miércoles, 27 de enero de 2021
 Simulation has been initialized
 Selected Top-Level: marq2 (arq_mar2)
WARNING: CONV_INTEGER: There is an 'U'|'X'|'W'|'Z'|'-' in an arithmetic operand, and it has been converted to 0.
Time: 0  ps,  Iteration: 0,  Instance: \.
WARNING: CONV_INTEGER: There is an 'U'|'X'|'W'|'Z'|'-' in an arithmetic operand, and it has been converted to 0.
Time: 0  ps,  Iteration: 0,  Instance: \.
WARNING: CONV_INTEGER: There is an 'U'|'X'|'W'|'Z'|'-' in an arithmetic operand, and it has been converted to 0.
Time: 0  ps,  Iteration: 0,  Instance: \.
WARNING: CONV_INTEGER: There is an 'U'|'X'|'W'|'Z'|'-' in an arithmetic operand, and it has been converted to 0.
Time: 0  ps,  Iteration: 0,  Instance: \.
WARNING: CONV_INTEGER: There is an 'U'|'X'|'W'|'Z'|'-' in an arithmetic operand, and it has been converted to 0.
Time: 0  ps,  Iteration: 0,  Instance: \.
WARNING: CONV_INTEGER: There is an 'U'|'X'|'W'|'Z'|'-' in an arithmetic operand, and it has been converted to 0.
Time: 0  ps,  Iteration: 0,  Instance: \.
WARNING: CONV_INTEGER: There is an 'U'|'X'|'W'|'Z'|'-' in an arithmetic operand, and it has been converted to 0.
Time: 0  ps,  Iteration: 0,  Instance: \.
WARNING: CONV_INTEGER: There is an 'U'|'X'|'W'|'Z'|'-' in an arithmetic operand, and it has been converted to 0.
Time: 0  ps,  Iteration: 0,  Instance: \.
WARNING: CONV_INTEGER: There is an 'U'|'X'|'W'|'Z'|'-' in an arithmetic operand, and it has been converted to 0.
Time: 0  ps,  Iteration: 0,  Instance: \.
WARNING: CONV_INTEGER: There is an 'U'|'X'|'W'|'Z'|'-' in an arithmetic operand, and it has been converted to 0.
Time: 0  ps,  Iteration: 0,  Instance: \.
WARNING: CONV_INTEGER: There is an 'U'|'X'|'W'|'Z'|'-' in an arithmetic operand, and it has been converted to 0.
Time: 0  ps,  Iteration: 0,  Instance: \.
WARNING: CONV_INTEGER: There is an 'U'|'X'|'W'|'Z'|'-' in an arithmetic operand, and it has been converted to 0.
Time: 0  ps,  Iteration: 0,  Instance: \.
WARNING: There is an 'U'|'X'|'W'|'Z'|'-' in an arithmetic operand, the result will be 'X'(es).
Time: 0  ps,  Iteration: 0,  Instance: \.
WARNING: There is an 'U'|'X'|'W'|'Z'|'-' in an arithmetic operand, the result will be 'X'(es).
Time: 0  ps,  Iteration: 0,  Instance: \.
WARNING: There is an 'U'|'X'|'W'|'Z'|'-' in an arithmetic operand, the result will be 'X'(es).
Time: 0  ps,  Iteration: 0,  Instance: \.
WARNING: There is an 'U'|'X'|'W'|'Z'|'-' in an arithmetic operand, the result will be 'X'(es).
Time: 0  ps,  Iteration: 1,  Instance: \.
WARNING: There is an 'U'|'X'|'W'|'Z'|'-' in an arithmetic operand, the result will be 'X'(es).
Time: 0  ps,  Iteration: 1,  Instance: \.
WARNING: There is an 'U'|'X'|'W'|'Z'|'-' in an arithmetic operand, the result will be 'X'(es).
Time: 0  ps,  Iteration: 1,  Instance: \.
 Simulation has been stopped
